+ echo 'setting interface enp177s0f0np0 to paced rate of '
setting interface enp177s0f0np0 to paced rate of 
+ tc qdisc del dev enp177s0f0np0 root
Error: Cannot delete qdisc with handle of zero.
+ '[' -n '' ']'
+ tc qdisc show dev enp177s0f0np0
qdisc mq 0: root 
qdisc fq 0: parent :20 limit 10000p flow_limit 100p buckets 1024 orphan_mask 1023 quantum 3028b initial_quantum 15140b low_rate_threshold 550Kbit refill_delay 40ms timer_slack 10us 
qdisc fq 0: parent :1f limit 10000p flow_limit 100p buckets 1024 orphan_mask 1023 quantum 3028b initial_quantum 15140b low_rate_threshold 550Kbit refill_delay 40ms timer_slack 10us 
qdisc fq 0: parent :1e limit 10000p flow_limit 100p buckets 1024 orphan_mask 1023 quantum 3028b initial_quantum 15140b low_rate_threshold 550Kbit refill_delay 40ms timer_slack 10us 
qdisc fq 0: parent :1d limit 10000p flow_limit 100p buckets 1024 orphan_mask 1023 quantum 3028b initial_quantum 15140b low_rate_threshold 550Kbit refill_delay 40ms timer_slack 10us 
qdisc fq 0: parent :1c limit 10000p flow_limit 100p buckets 1024 orphan_mask 1023 quantum 3028b initial_quantum 15140b low_rate_threshold 550Kbit refill_delay 40ms timer_slack 10us 
qdisc fq 0: parent :1b limit 10000p flow_limit 100p buckets 1024 orphan_mask 1023 quantum 3028b initial_quantum 15140b low_rate_threshold 550Kbit refill_delay 40ms timer_slack 10us 
qdisc fq 0: parent :1a limit 10000p flow_limit 100p buckets 1024 orphan_mask 1023 quantum 3028b initial_quantum 15140b low_rate_threshold 550Kbit refill_delay 40ms timer_slack 10us 
qdisc fq 0: parent :19 limit 10000p flow_limit 100p buckets 1024 orphan_mask 1023 quantum 3028b initial_quantum 15140b low_rate_threshold 550Kbit refill_delay 40ms timer_slack 10us 
qdisc fq 0: parent :18 limit 10000p flow_limit 100p buckets 1024 orphan_mask 1023 quantum 3028b initial_quantum 15140b low_rate_threshold 550Kbit refill_delay 40ms timer_slack 10us 
qdisc fq 0: parent :17 limit 10000p flow_limit 100p buckets 1024 orphan_mask 1023 quantum 3028b initial_quantum 15140b low_rate_threshold 550Kbit refill_delay 40ms timer_slack 10us 
qdisc fq 0: parent :16 limit 10000p flow_limit 100p buckets 1024 orphan_mask 1023 quantum 3028b initial_quantum 15140b low_rate_threshold 550Kbit refill_delay 40ms timer_slack 10us 
qdisc fq 0: parent :15 limit 10000p flow_limit 100p buckets 1024 orphan_mask 1023 quantum 3028b initial_quantum 15140b low_rate_threshold 550Kbit refill_delay 40ms timer_slack 10us 
qdisc fq 0: parent :14 limit 10000p flow_limit 100p buckets 1024 orphan_mask 1023 quantum 3028b initial_quantum 15140b low_rate_threshold 550Kbit refill_delay 40ms timer_slack 10us 
qdisc fq 0: parent :13 limit 10000p flow_limit 100p buckets 1024 orphan_mask 1023 quantum 3028b initial_quantum 15140b low_rate_threshold 550Kbit refill_delay 40ms timer_slack 10us 
qdisc fq 0: parent :12 limit 10000p flow_limit 100p buckets 1024 orphan_mask 1023 quantum 3028b initial_quantum 15140b low_rate_threshold 550Kbit refill_delay 40ms timer_slack 10us 
qdisc fq 0: parent :11 limit 10000p flow_limit 100p buckets 1024 orphan_mask 1023 quantum 3028b initial_quantum 15140b low_rate_threshold 550Kbit refill_delay 40ms timer_slack 10us 
qdisc fq 0: parent :10 limit 10000p flow_limit 100p buckets 1024 orphan_mask 1023 quantum 3028b initial_quantum 15140b low_rate_threshold 550Kbit refill_delay 40ms timer_slack 10us 
qdisc fq 0: parent :f limit 10000p flow_limit 100p buckets 1024 orphan_mask 1023 quantum 3028b initial_quantum 15140b low_rate_threshold 550Kbit refill_delay 40ms timer_slack 10us 
qdisc fq 0: parent :e limit 10000p flow_limit 100p buckets 1024 orphan_mask 1023 quantum 3028b initial_quantum 15140b low_rate_threshold 550Kbit refill_delay 40ms timer_slack 10us 
qdisc fq 0: parent :d limit 10000p flow_limit 100p buckets 1024 orphan_mask 1023 quantum 3028b initial_quantum 15140b low_rate_threshold 550Kbit refill_delay 40ms timer_slack 10us 
qdisc fq 0: parent :c limit 10000p flow_limit 100p buckets 1024 orphan_mask 1023 quantum 3028b initial_quantum 15140b low_rate_threshold 550Kbit refill_delay 40ms timer_slack 10us 
qdisc fq 0: parent :b limit 10000p flow_limit 100p buckets 1024 orphan_mask 1023 quantum 3028b initial_quantum 15140b low_rate_threshold 550Kbit refill_delay 40ms timer_slack 10us 
qdisc fq 0: parent :a limit 10000p flow_limit 100p buckets 1024 orphan_mask 1023 quantum 3028b initial_quantum 15140b low_rate_threshold 550Kbit refill_delay 40ms timer_slack 10us 
qdisc fq 0: parent :9 limit 10000p flow_limit 100p buckets 1024 orphan_mask 1023 quantum 3028b initial_quantum 15140b low_rate_threshold 550Kbit refill_delay 40ms timer_slack 10us 
qdisc fq 0: parent :8 limit 10000p flow_limit 100p buckets 1024 orphan_mask 1023 quantum 3028b initial_quantum 15140b low_rate_threshold 550Kbit refill_delay 40ms timer_slack 10us 
qdisc fq 0: parent :7 limit 10000p flow_limit 100p buckets 1024 orphan_mask 1023 quantum 3028b initial_quantum 15140b low_rate_threshold 550Kbit refill_delay 40ms timer_slack 10us 
qdisc fq 0: parent :6 limit 10000p flow_limit 100p buckets 1024 orphan_mask 1023 quantum 3028b initial_quantum 15140b low_rate_threshold 550Kbit refill_delay 40ms timer_slack 10us 
qdisc fq 0: parent :5 limit 10000p flow_limit 100p buckets 1024 orphan_mask 1023 quantum 3028b initial_quantum 15140b low_rate_threshold 550Kbit refill_delay 40ms timer_slack 10us 
qdisc fq 0: parent :4 limit 10000p flow_limit 100p buckets 1024 orphan_mask 1023 quantum 3028b initial_quantum 15140b low_rate_threshold 550Kbit refill_delay 40ms timer_slack 10us 
qdisc fq 0: parent :3 limit 10000p flow_limit 100p buckets 1024 orphan_mask 1023 quantum 3028b initial_quantum 15140b low_rate_threshold 550Kbit refill_delay 40ms timer_slack 10us 
qdisc fq 0: parent :2 limit 10000p flow_limit 100p buckets 1024 orphan_mask 1023 quantum 3028b initial_quantum 15140b low_rate_threshold 550Kbit refill_delay 40ms timer_slack 10us 
qdisc fq 0: parent :1 limit 10000p flow_limit 100p buckets 1024 orphan_mask 1023 quantum 3028b initial_quantum 15140b low_rate_threshold 550Kbit refill_delay 40ms timer_slack 10us 
